bmi linear: -0.026874671008038087
bmi: MLP -0.0001482811652613325
awake linear: -0.026874671008038087
awake: MLP -0.0001307498650735539
height linear: -0.026874671008038087
height: MLP -4.756031401265126e-05
hyper linear: -0.026874671008038087
hyper: MLP -0.0002254336925890943
reaction linear: -0.026874671008038087
reaction: MLP -0.00022340323922098726
snoring linear: -0.026874671008038087
snoring: MLP -0.0002679477473737091
pulse linear: -0.026874671008038087
pulse: MLP -0.00012252120493450036
sbp linear: -0.026874671008038087
sbp: MLP -2.6051505841451217e-08
quals linear: -0.026874671008038087
quals: MLP -0.0004889664152334383
neur linear: -0.026874671008038087
neur: MLP -0.00019599535054393158
chron linear: -0.026874671008038087
chron: MLP -0.0003920505784784645
fvc linear: -0.026874671008038087
fvc: MLP -0.0002924388708096526
ever linear: -0.026874671008038087
ever: MLP -3.2667829132915216e-06
