/home/kce/miniconda3/bin/python
running linear model
-- -- -- -- -- -- -- -- -- -- -- -- -- -- -- -- -- -- -- -- -- -- -- -- -- -- -- -- --
LDAK - Software for obtaining Linkage Disequilibrium Adjusted Kinships and Loads More
Version 5.2 - Help pages at http://www.ldak.org
-- -- -- -- -- -- -- -- -- -- -- -- -- -- -- -- -- -- -- -- -- -- -- -- -- -- -- -- --

There are 6 pairs of arguments:
--linear result
--sped data/processed/csnp
--pheno /home/kce/dsmwpred/data/ukbb/height.train
--mpheno 1
--SNP-data NO
--max-threads 4

-- -- -- -- -- -- -- -- -- -- -- -- -- -- -- -- -- -- -- -- -- -- -- -- -- -- -- -- --

Performing (standard) linear regression (to instead perform mixed model linear regression, use "--grm")

To perform weighted linear regression, use "--sample-weights"

Consider using "--covar" to provide covariates

Consider using "--top-preds" to include (strongly-associated) predictors as extra covariates

If you would like to perform a permutation analysis, add "--permute YES"

-- -- -- -- -- -- -- -- -- -- -- -- -- -- -- -- -- -- -- -- -- -- -- -- -- -- -- -- --

Reading IDs for 392214 samples from data/processed/csnp.fam
Checking responses for 200000 samples from /home/kce/dsmwpred/data/ukbb/height.train
Due to missing phenotypic values, the number of samples is reduced from 392214 to 200000

Reading details for 4521 predictors from data/processed/csnp.bim
Warning, Predictor c1_0 has a non-positive basepair (0) and will be ignored

Data contain 392214 samples and 4521 predictors; will be using 200000 and 4520

Reading responses for 200000 samples from /home/kce/dsmwpred/data/ukbb/height.train

Warning, to process the data will require approximately 6.7 Gb; to reduce use "--bit-size" (currently 4520)

Performing single-SNP analysis for Chunk 1 of 1

Main results saved in result.assoc, with a summary version in result.summaries, p-values in result.pvalues and score file in result.score

-- -- -- -- -- -- -- -- -- -- -- -- -- -- -- -- -- -- --
Mission completed. All your basepair are belong to us :)
-- -- -- -- -- -- -- -- -- -- -- -- -- -- -- -- -- -- --
