wandb: Currently logged in as: kenevoldsen (use `wandb login --relogin` to force relogin)
wandb: Tracking run with wandb version 0.12.1
wandb: Syncing run lyric-plant-44
wandb:  View project at https://wandb.ai/kenevoldsen/snp-compression-src_models
wandb:  View run at https://wandb.ai/kenevoldsen/snp-compression-src_models/runs/400oabr7
wandb: Run data is saved locally in /home/kce/github/snp-compression/wandb/run-20210828_200003-400oabr7
wandb: Run `wandb offline` to turn off syncing.
GPU available: True, used: True
TPU available: False, using: 0 TPU cores
IPU available: False, using: 0 IPUs
LOCAL_RANK: 0 - CUDA_VISIBLE_DEVICES: [0]
Set SLURM handle signals.

  | Name     | Type                 | Params
--------------------------------------------------
0 | model    | DenoisingAutoencoder | 266 K 
1 | loss     | CrossEntropyLoss     | 0     
2 | accuracy | Accuracy             | 0     
3 | f1       | F1                   | 0     
--------------------------------------------------
266 K     Trainable params
0         Non-trainable params
266 K     Total params
1.065     Total estimated model params size (MB)

Validation sanity check: 0it [00:00, ?it/s]Validation sanity check:   0% 0/2 [00:00<?, ?it/s]Traceback (most recent call last):
  File "src/models/train_model.py", line 106, in <module>
    trainer.fit(model, train_dataloaders=train_loader, val_dataloaders=val_loader)
  File "/home/kce/miniconda3/envs/snp-compression/lib/python3.8/site-packages/pytorch_lightning/trainer/trainer.py", line 553, in fit
    self._run(model)
  File "/home/kce/miniconda3/envs/snp-compression/lib/python3.8/site-packages/pytorch_lightning/trainer/trainer.py", line 918, in _run
    self._dispatch()
  File "/home/kce/miniconda3/envs/snp-compression/lib/python3.8/site-packages/pytorch_lightning/trainer/trainer.py", line 986, in _dispatch
    self.accelerator.start_training(self)
  File "/home/kce/miniconda3/envs/snp-compression/lib/python3.8/site-packages/pytorch_lightning/accelerators/accelerator.py", line 92, in start_training
    self.training_type_plugin.start_training(trainer)
  File "/home/kce/miniconda3/envs/snp-compression/lib/python3.8/site-packages/pytorch_lightning/plugins/training_type/training_type_plugin.py", line 161, in start_training
    self._results = trainer.run_stage()
  File "/home/kce/miniconda3/envs/snp-compression/lib/python3.8/site-packages/pytorch_lightning/trainer/trainer.py", line 996, in run_stage
    return self._run_train()
  File "/home/kce/miniconda3/envs/snp-compression/lib/python3.8/site-packages/pytorch_lightning/trainer/trainer.py", line 1031, in _run_train
    self._run_sanity_check(self.lightning_module)
  File "/home/kce/miniconda3/envs/snp-compression/lib/python3.8/site-packages/pytorch_lightning/trainer/trainer.py", line 1115, in _run_sanity_check
    self._evaluation_loop.run()
  File "/home/kce/miniconda3/envs/snp-compression/lib/python3.8/site-packages/pytorch_lightning/loops/base.py", line 111, in run
    self.advance(*args, **kwargs)
  File "/home/kce/miniconda3/envs/snp-compression/lib/python3.8/site-packages/pytorch_lightning/loops/dataloader/evaluation_loop.py", line 110, in advance
    dl_outputs = self.epoch_loop.run(
  File "/home/kce/miniconda3/envs/snp-compression/lib/python3.8/site-packages/pytorch_lightning/loops/base.py", line 111, in run
    self.advance(*args, **kwargs)
  File "/home/kce/miniconda3/envs/snp-compression/lib/python3.8/site-packages/pytorch_lightning/loops/epoch/evaluation_epoch_loop.py", line 110, in advance
    output = self.evaluation_step(batch, batch_idx, dataloader_idx)
  File "/home/kce/miniconda3/envs/snp-compression/lib/python3.8/site-packages/pytorch_lightning/loops/epoch/evaluation_epoch_loop.py", line 154, in evaluation_step
    output = self.trainer.accelerator.validation_step(step_kwargs)
  File "/home/kce/miniconda3/envs/snp-compression/lib/python3.8/site-packages/pytorch_lightning/accelerators/accelerator.py", line 211, in validation_step
    return self.training_type_plugin.validation_step(*step_kwargs.values())
  File "/home/kce/miniconda3/envs/snp-compression/lib/python3.8/site-packages/pytorch_lightning/plugins/training_type/training_type_plugin.py", line 178, in validation_step
    return self.model.validation_step(*args, **kwargs)
  File "./src/models/models/pl_wrappers.py", line 59, in validation_step
    preds=preds.view((-1)).numpy(), y_true=y.view((-1)).numpy()
TypeError: can't convert cuda:0 device type tensor to numpy. Use Tensor.cpu() to copy the tensor to host memory first.
wandb: Waiting for W&B process to finish, PID 16587
wandb: Program failed with code 1.  Press ctrl-c to abort syncing.
wandb: - 0.00MB of 0.00MB uploaded (0.00MB deduped)wandb: \ 0.00MB of 0.00MB uploaded (0.00MB deduped)wandb: | 0.00MB of 0.01MB uploaded (0.00MB deduped)wandb: / 0.00MB of 0.01MB uploaded (0.00MB deduped)wandb: - 0.00MB of 0.01MB uploaded (0.00MB deduped)wandb: \ 0.00MB of 0.01MB uploaded (0.00MB deduped)wandb: | 0.00MB of 0.01MB uploaded (0.00MB deduped)wandb: / 0.01MB of 0.01MB uploaded (0.00MB deduped)wandb: - 0.01MB of 0.01MB uploaded (0.00MB deduped)wandb: \ 0.01MB of 0.01MB uploaded (0.00MB deduped)wandb: | 0.01MB of 0.01MB uploaded (0.00MB deduped)wandb: / 0.01MB of 0.01MB uploaded (0.00MB deduped)wandb: - 0.01MB of 0.01MB uploaded (0.00MB deduped)wandb: \ 0.01MB of 0.01MB uploaded (0.00MB deduped)wandb: | 0.01MB of 0.01MB uploaded (0.00MB deduped)wandb:                                                                                
wandb: Find user logs for this run at: /home/kce/github/snp-compression/wandb/run-20210828_200003-400oabr7/logs/debug.log
wandb: Find internal logs for this run at: /home/kce/github/snp-compression/wandb/run-20210828_200003-400oabr7/logs/debug-internal.log
wandb: Synced 6 W&B file(s), 0 media file(s), 0 artifact file(s) and 0 other file(s)
wandb: 
wandb: Synced lyric-plant-44: https://wandb.ai/kenevoldsen/snp-compression-src_models/runs/400oabr7

