wandb: Currently logged in as: kenevoldsen (use `wandb login --relogin` to force relogin)
wandb: Tracking run with wandb version 0.12.10
wandb: Syncing run dry-cloud-69
wandb: â­ï¸ View project at https://wandb.ai/kenevoldsen/snp-compression-src_models
wandb: ðŸš€ View run at https://wandb.ai/kenevoldsen/snp-compression-src_models/runs/q9sfifsf
wandb: Run data is saved locally in /faststorage/project/NLPPred/snp-compression/wandb/run-20220204_000238-q9sfifsf
wandb: Run `wandb offline` to turn off syncing.
./src/data/dataloaders.py:110: PerformanceWarning: Slicing is producing a large chunk. To accept the large
chunk and silence this warning, set the option
    >>> with dask.config.set(**{'array.slicing.split_large_chunks': False}):
    ...     array[indexer]

To avoid creating the large chunks, set the option
    >>> with dask.config.set(**{'array.slicing.split_large_chunks': True}):
    ...     array[indexer]
  train = arr[splits == 0].rechunk()
GPU available: True, used: True
TPU available: False, using: 0 TPU cores
IPU available: False, using: 0 IPUs
LOCAL_RANK: 0 - CUDA_VISIBLE_DEVICES: [0]
Set SLURM handle signals.

  | Name     | Type                 | Params
--------------------------------------------------
0 | model    | DenoisingAutoencoder | 3.4 M 
1 | loss     | CrossEntropyLoss     | 0     
2 | accuracy | Accuracy             | 0     
3 | f1       | F1                   | 0     
--------------------------------------------------
3.4 M     Trainable params
0         Non-trainable params
3.4 M     Total params
13.526    Total estimated model params size (MB)

Validation sanity check: 0it [00:00, ?it/s]Validation sanity check:   0% 0/2 [00:00<?, ?it/s]/home/kce/miniconda3/envs/snp-compression/lib/python3.8/site-packages/torch/nn/modules/conv.py:442: UserWarning: Using padding='same' with even kernel lengths and odd dilation may require a zero-padded copy of the input be created (Triggered internally at  ../aten/src/ATen/native/Convolution.cpp:647.)
  return F.conv2d(input, weight, bias, self.stride,
Validation
cuda:0
cuda:0
torch.float32
torch.float32
Traceback (most recent call last):
  File "src/models/train_SNPNet.py", line 83, in <module>
    trainer.fit(model, train_dataloaders=train_loader, val_dataloaders=val_loader)
  File "/home/kce/miniconda3/envs/snp-compression/lib/python3.8/site-packages/pytorch_lightning/trainer/trainer.py", line 553, in fit
    self._run(model)
  File "/home/kce/miniconda3/envs/snp-compression/lib/python3.8/site-packages/pytorch_lightning/trainer/trainer.py", line 918, in _run
    self._dispatch()
  File "/home/kce/miniconda3/envs/snp-compression/lib/python3.8/site-packages/pytorch_lightning/trainer/trainer.py", line 986, in _dispatch
    self.accelerator.start_training(self)
  File "/home/kce/miniconda3/envs/snp-compression/lib/python3.8/site-packages/pytorch_lightning/accelerators/accelerator.py", line 92, in start_training
    self.training_type_plugin.start_training(trainer)
  File "/home/kce/miniconda3/envs/snp-compression/lib/python3.8/site-packages/pytorch_lightning/plugins/training_type/training_type_plugin.py", line 161, in start_training
    self._results = trainer.run_stage()
  File "/home/kce/miniconda3/envs/snp-compression/lib/python3.8/site-packages/pytorch_lightning/trainer/trainer.py", line 996, in run_stage
    return self._run_train()
  File "/home/kce/miniconda3/envs/snp-compression/lib/python3.8/site-packages/pytorch_lightning/trainer/trainer.py", line 1031, in _run_train
    self._run_sanity_check(self.lightning_module)
  File "/home/kce/miniconda3/envs/snp-compression/lib/python3.8/site-packages/pytorch_lightning/trainer/trainer.py", line 1115, in _run_sanity_check
    self._evaluation_loop.run()
  File "/home/kce/miniconda3/envs/snp-compression/lib/python3.8/site-packages/pytorch_lightning/loops/base.py", line 111, in run
    self.advance(*args, **kwargs)
  File "/home/kce/miniconda3/envs/snp-compression/lib/python3.8/site-packages/pytorch_lightning/loops/dataloader/evaluation_loop.py", line 110, in advance
    dl_outputs = self.epoch_loop.run(
  File "/home/kce/miniconda3/envs/snp-compression/lib/python3.8/site-packages/pytorch_lightning/loops/base.py", line 111, in run
    self.advance(*args, **kwargs)
  File "/home/kce/miniconda3/envs/snp-compression/lib/python3.8/site-packages/pytorch_lightning/loops/epoch/evaluation_epoch_loop.py", line 110, in advance
    output = self.evaluation_step(batch, batch_idx, dataloader_idx)
  File "/home/kce/miniconda3/envs/snp-compression/lib/python3.8/site-packages/pytorch_lightning/loops/epoch/evaluation_epoch_loop.py", line 154, in evaluation_step
    output = self.trainer.accelerator.validation_step(step_kwargs)
  File "/home/kce/miniconda3/envs/snp-compression/lib/python3.8/site-packages/pytorch_lightning/accelerators/accelerator.py", line 211, in validation_step
    return self.training_type_plugin.validation_step(*step_kwargs.values())
  File "/home/kce/miniconda3/envs/snp-compression/lib/python3.8/site-packages/pytorch_lightning/plugins/training_type/training_type_plugin.py", line 178, in validation_step
    return self.model.validation_step(*args, **kwargs)
  File "./src/models/models/pl_wrappers.py", line 65, in validation_step
    loss = self.loss(x_hat, x)
  File "/home/kce/miniconda3/envs/snp-compression/lib/python3.8/site-packages/torch/nn/modules/module.py", line 1102, in _call_impl
    return forward_call(*input, **kwargs)
  File "/home/kce/miniconda3/envs/snp-compression/lib/python3.8/site-packages/torch/nn/modules/loss.py", line 1150, in forward
    return F.cross_entropy(input, target, weight=self.weight,
  File "/home/kce/miniconda3/envs/snp-compression/lib/python3.8/site-packages/torch/nn/functional.py", line 2846, in cross_entropy
    return torch._C._nn.cross_entropy_loss(input, target, weight, _Reduction.get_enum(reduction), ignore_index, label_smoothing)
RuntimeError: expected scalar type Long but found Float
wandb: Waiting for W&B process to finish, PID 45998... (failed 1). Press ctrl-c to abort syncing.
wandb: - 0.00MB of 0.00MB uploaded (0.00MB deduped)wandb: \ 0.00MB of 0.00MB uploaded (0.00MB deduped)wandb: | 0.00MB of 0.01MB uploaded (0.00MB deduped)wandb: / 0.00MB of 0.01MB uploaded (0.00MB deduped)wandb: - 0.00MB of 0.01MB uploaded (0.00MB deduped)wandb: \ 0.01MB of 0.01MB uploaded (0.00MB deduped)wandb: | 0.01MB of 0.01MB uploaded (0.00MB deduped)wandb: / 0.01MB of 0.01MB uploaded (0.00MB deduped)wandb: - 0.01MB of 0.01MB uploaded (0.00MB deduped)wandb: \ 0.01MB of 0.01MB uploaded (0.00MB deduped)wandb: | 0.01MB of 0.01MB uploaded (0.00MB deduped)wandb: / 0.01MB of 0.01MB uploaded (0.00MB deduped)wandb: - 0.01MB of 0.01MB uploaded (0.00MB deduped)wandb:                                                                                
wandb: Synced 6 W&B file(s), 0 media file(s), 0 artifact file(s) and 0 other file(s)
wandb: Synced dry-cloud-69: https://wandb.ai/kenevoldsen/snp-compression-src_models/runs/q9sfifsf
wandb: Find logs at: ./wandb/run-20220204_000238-q9sfifsf/logs/debug.log
wandb: 

