wandb: Currently logged in as: kenevoldsen (use `wandb login --relogin` to force relogin)
wandb: wandb version 0.12.10 is available!  To upgrade, please run:
wandb:  $ pip install wandb --upgrade
wandb: Tracking run with wandb version 0.12.1
wandb: Syncing run celestial-blaze-121
wandb:  View project at https://wandb.ai/kenevoldsen/snp-compression-src_models
wandb:  View run at https://wandb.ai/kenevoldsen/snp-compression-src_models/runs/2s4zf0sv
wandb: Run data is saved locally in /home/kce/NLPPred/snp-compression/models/wandb/run-20220217_163910-2s4zf0sv
wandb: Run `wandb offline` to turn off syncing.

Traceback (most recent call last):
  File "src/train/train.py", line 103, in <module>
    main()
  File "src/train/train.py", line 91, in main
    model = create_model(config)
  File "./src/models/create.py", line 26, in create_model
    model = PlOnehotWrapper(
  File "./src/models/pl_wrappers.py", line 29, in __init__
    self.f1 = torchmetrics.F1Score(
  File "/faststorage/project/NLPPred/snp-compression/SNPNet/lib/python3.8/site-packages/torchmetrics/classification/f_beta.py", line 336, in __init__
    super().__init__(
  File "/faststorage/project/NLPPred/snp-compression/SNPNet/lib/python3.8/site-packages/torchmetrics/classification/f_beta.py", line 155, in __init__
    raise ValueError(f"The `average` has to be one of {allowed_average}, got {average}.")
ValueError: The `average` has to be one of [<AverageMethod.MICRO: 'micro'>, <AverageMethod.MACRO: 'macro'>, <AverageMethod.WEIGHTED: 'weighted'>, <AverageMethod.NONE: 'None'>, <AverageMethod.SAMPLES: 'samples'>], got global.
wandb: Waiting for W&B process to finish, PID 48920
wandb: Program failed with code 1.  Press ctrl-c to abort syncing.
wandb: - 0.00MB of 0.00MB uploaded (0.00MB deduped)wandb: \ 0.00MB of 0.00MB uploaded (0.00MB deduped)wandb: | 0.00MB of 0.00MB uploaded (0.00MB deduped)wandb: / 0.00MB of 0.00MB uploaded (0.00MB deduped)wandb: - 0.00MB of 0.00MB uploaded (0.00MB deduped)wandb: \ 0.00MB of 0.00MB uploaded (0.00MB deduped)wandb: | 0.00MB of 0.00MB uploaded (0.00MB deduped)wandb: / 0.00MB of 0.00MB uploaded (0.00MB deduped)wandb: - 0.00MB of 0.00MB uploaded (0.00MB deduped)wandb: \ 0.00MB of 0.00MB uploaded (0.00MB deduped)wandb: | 0.00MB of 0.00MB uploaded (0.00MB deduped)wandb: / 0.00MB of 0.00MB uploaded (0.00MB deduped)wandb: - 0.00MB of 0.00MB uploaded (0.00MB deduped)wandb: \ 0.00MB of 0.00MB uploaded (0.00MB deduped)wandb:                                                                                
wandb: Find user logs for this run at: /home/kce/NLPPred/snp-compression/models/wandb/run-20220217_163910-2s4zf0sv/logs/debug.log
wandb: Find internal logs for this run at: /home/kce/NLPPred/snp-compression/models/wandb/run-20220217_163910-2s4zf0sv/logs/debug-internal.log
wandb: Synced 4 W&B file(s), 0 media file(s), 0 artifact file(s) and 0 other file(s)
wandb: 
wandb: Synced celestial-blaze-121: https://wandb.ai/kenevoldsen/snp-compression-src_models/runs/2s4zf0sv

